[2025-12-29 09:53:50] local.ERROR: Too many arguments, expected arguments "command". {"exception":"[object] (Symfony\\Component\\Console\\Exception\\RuntimeException(code: 0): Too many arguments, expected arguments \"command\". at /Library/WebServer/Documents/work/php/blog_howencyclopedia_site/vendor/symfony/console/Input/ArgvInput.php:172)
[stacktrace]
#0 /Library/WebServer/Documents/work/php/blog_howencyclopedia_site/vendor/symfony/console/Input/ArgvInput.php(83): Symfony\\Component\\Console\\Input\\ArgvInput->parseArgument('data:sync')
#1 /Library/WebServer/Documents/work/php/blog_howencyclopedia_site/vendor/symfony/console/Input/Input.php(55): Symfony\\Component\\Console\\Input\\ArgvInput->parse()
#2 /Library/WebServer/Documents/work/php/blog_howencyclopedia_site/vendor/symfony/console/Command/Command.php(214): Symfony\\Component\\Console\\Input\\Input->bind(Object(Symfony\\Component\\Console\\Input\\InputDefinition))
#3 /Library/WebServer/Documents/work/php/blog_howencyclopedia_site/vendor/laravel/framework/src/Illuminate/Console/Command.php(121): Symfony\\Component\\Console\\Command\\Command->run(Object(Symfony\\Component\\Console\\Input\\ArgvInput), Object(Illuminate\\Console\\OutputStyle))
#4 /Library/WebServer/Documents/work/php/blog_howencyclopedia_site/vendor/symfony/console/Application.php(1021): Illuminate\\Console\\Command->run(Object(Symfony\\Component\\Console\\Input\\ArgvInput), Object(Symfony\\Component\\Console\\Output\\ConsoleOutput))
#5 /Library/WebServer/Documents/work/php/blog_howencyclopedia_site/vendor/symfony/console/Application.php(275): Symfony\\Component\\Console\\Application->doRunCommand(Object(Illuminate\\Foundation\\Console\\ServeCommand), Object(Symfony\\Component\\Console\\Input\\ArgvInput), Object(Symfony\\Component\\Console\\Output\\ConsoleOutput))
#6 /Library/WebServer/Documents/work/php/blog_howencyclopedia_site/vendor/symfony/console/Application.php(149): Symfony\\Component\\Console\\Application->doRun(Object(Symfony\\Component\\Console\\Input\\ArgvInput), Object(Symfony\\Component\\Console\\Output\\ConsoleOutput))
#7 /Library/WebServer/Documents/work/php/blog_howencyclopedia_site/vendor/laravel/framework/src/Illuminate/Console/Application.php(93): Symfony\\Component\\Console\\Application->run(Object(Symfony\\Component\\Console\\Input\\ArgvInput), Object(Symfony\\Component\\Console\\Output\\ConsoleOutput))
#8 /Library/WebServer/Documents/work/php/blog_howencyclopedia_site/vendor/laravel/framework/src/Illuminate/Foundation/Console/Kernel.php(131): Illuminate\\Console\\Application->run(Object(Symfony\\Component\\Console\\Input\\ArgvInput), Object(Symfony\\Component\\Console\\Output\\ConsoleOutput))
#9 /Library/WebServer/Documents/work/php/blog_howencyclopedia_site/artisan(37): Illuminate\\Foundation\\Console\\Kernel->handle(Object(Symfony\\Component\\Console\\Input\\ArgvInput), Object(Symfony\\Component\\Console\\Output\\ConsoleOutput))
#10 {main}
"} 
[2025-12-29 09:53:57] local.ERROR: Database connection [center] not configured. {"exception":"[object] (InvalidArgumentException(code: 0): Database connection [center] not configured. at /Library/WebServer/Documents/work/php/blog_howencyclopedia_site/vendor/laravel/framework/src/Illuminate/Database/DatabaseManager.php:152)
[stacktrace]
#0 /Library/WebServer/Documents/work/php/blog_howencyclopedia_site/vendor/laravel/framework/src/Illuminate/Database/DatabaseManager.php(115): Illuminate\\Database\\DatabaseManager->configuration('center')
#1 /Library/WebServer/Documents/work/php/blog_howencyclopedia_site/vendor/laravel/framework/src/Illuminate/Database/DatabaseManager.php(86): Illuminate\\Database\\DatabaseManager->makeConnection('center')
#2 /Library/WebServer/Documents/work/php/blog_howencyclopedia_site/vendor/laravel/framework/src/Illuminate/Support/Facades/Facade.php(261): Illuminate\\Database\\DatabaseManager->connection('center')
#3 /Library/WebServer/Documents/work/php/blog_howencyclopedia_site/app/Console/Commands/SyncData.php(45): Illuminate\\Support\\Facades\\Facade::__callStatic('connection', Array)
#4 /Library/WebServer/Documents/work/php/blog_howencyclopedia_site/vendor/laravel/framework/src/Illuminate/Container/BoundMethod.php(36): App\\Console\\Commands\\SyncData->handle()
#5 /Library/WebServer/Documents/work/php/blog_howencyclopedia_site/vendor/laravel/framework/src/Illuminate/Container/Util.php(37): Illuminate\\Container\\BoundMethod::Illuminate\\Container\\{closure}()
#6 /Library/WebServer/Documents/work/php/blog_howencyclopedia_site/vendor/laravel/framework/src/Illuminate/Container/BoundMethod.php(93): Illuminate\\Container\\Util::unwrapIfClosure(Object(Closure))
#7 /Library/WebServer/Documents/work/php/blog_howencyclopedia_site/vendor/laravel/framework/src/Illuminate/Container/BoundMethod.php(37): Illuminate\\Container\\BoundMethod::callBoundMethod(Object(Illuminate\\Foundation\\Application), Array, Object(Closure))
#8 /Library/WebServer/Documents/work/php/blog_howencyclopedia_site/vendor/laravel/framework/src/Illuminate/Container/Container.php(590): Illuminate\\Container\\BoundMethod::call(Object(Illuminate\\Foundation\\Application), Array, Array, NULL)
#9 /Library/WebServer/Documents/work/php/blog_howencyclopedia_site/vendor/laravel/framework/src/Illuminate/Console/Command.php(134): Illuminate\\Container\\Container->call(Array)
#10 /Library/WebServer/Documents/work/php/blog_howencyclopedia_site/vendor/symfony/console/Command/Command.php(255): Illuminate\\Console\\Command->execute(Object(Symfony\\Component\\Console\\Input\\ArgvInput), Object(Illuminate\\Console\\OutputStyle))
#11 /Library/WebServer/Documents/work/php/blog_howencyclopedia_site/vendor/laravel/framework/src/Illuminate/Console/Command.php(121): Symfony\\Component\\Console\\Command\\Command->run(Object(Symfony\\Component\\Console\\Input\\ArgvInput), Object(Illuminate\\Console\\OutputStyle))
#12 /Library/WebServer/Documents/work/php/blog_howencyclopedia_site/vendor/symfony/console/Application.php(1021): Illuminate\\Console\\Command->run(Object(Symfony\\Component\\Console\\Input\\ArgvInput), Object(Symfony\\Component\\Console\\Output\\ConsoleOutput))
#13 /Library/WebServer/Documents/work/php/blog_howencyclopedia_site/vendor/symfony/console/Application.php(275): Symfony\\Component\\Console\\Application->doRunCommand(Object(App\\Console\\Commands\\SyncData), Object(Symfony\\Component\\Console\\Input\\ArgvInput), Object(Symfony\\Component\\Console\\Output\\ConsoleOutput))
#14 /Library/WebServer/Documents/work/php/blog_howencyclopedia_site/vendor/symfony/console/Application.php(149): Symfony\\Component\\Console\\Application->doRun(Object(Symfony\\Component\\Console\\Input\\ArgvInput), Object(Symfony\\Component\\Console\\Output\\ConsoleOutput))
#15 /Library/WebServer/Documents/work/php/blog_howencyclopedia_site/vendor/laravel/framework/src/Illuminate/Console/Application.php(93): Symfony\\Component\\Console\\Application->run(Object(Symfony\\Component\\Console\\Input\\ArgvInput), Object(Symfony\\Component\\Console\\Output\\ConsoleOutput))
#16 /Library/WebServer/Documents/work/php/blog_howencyclopedia_site/vendor/laravel/framework/src/Illuminate/Foundation/Console/Kernel.php(131): Illuminate\\Console\\Application->run(Object(Symfony\\Component\\Console\\Input\\ArgvInput), Object(Symfony\\Component\\Console\\Output\\ConsoleOutput))
#17 /Library/WebServer/Documents/work/php/blog_howencyclopedia_site/artisan(37): Illuminate\\Foundation\\Console\\Kernel->handle(Object(Symfony\\Component\\Console\\Input\\ArgvInput), Object(Symfony\\Component\\Console\\Output\\ConsoleOutput))
#18 {main}
"} 
[2025-12-29 10:05:51] local.ERROR: Call to undefined method Illuminate\Database\Query\Builder::limiy() {"exception":"[object] (BadMethodCallException(code: 0): Call to undefined method Illuminate\\Database\\Query\\Builder::limiy() at /Library/WebServer/Documents/work/php/blog_howencyclopedia_site/vendor/laravel/framework/src/Illuminate/Support/Traits/ForwardsCalls.php:50)
[stacktrace]
#0 /Library/WebServer/Documents/work/php/blog_howencyclopedia_site/vendor/laravel/framework/src/Illuminate/Database/Query/Builder.php(3108): Illuminate\\Database\\Query\\Builder::throwBadMethodCallException('limiy')
#1 /Library/WebServer/Documents/work/php/blog_howencyclopedia_site/app/Console/Commands/SyncData.php(120): Illuminate\\Database\\Query\\Builder->__call('limiy', Array)
#2 /Library/WebServer/Documents/work/php/blog_howencyclopedia_site/vendor/laravel/framework/src/Illuminate/Container/BoundMethod.php(36): App\\Console\\Commands\\SyncData->handle()
#3 /Library/WebServer/Documents/work/php/blog_howencyclopedia_site/vendor/laravel/framework/src/Illuminate/Container/Util.php(37): Illuminate\\Container\\BoundMethod::Illuminate\\Container\\{closure}()
#4 /Library/WebServer/Documents/work/php/blog_howencyclopedia_site/vendor/laravel/framework/src/Illuminate/Container/BoundMethod.php(93): Illuminate\\Container\\Util::unwrapIfClosure(Object(Closure))
#5 /Library/WebServer/Documents/work/php/blog_howencyclopedia_site/vendor/laravel/framework/src/Illuminate/Container/BoundMethod.php(37): Illuminate\\Container\\BoundMethod::callBoundMethod(Object(Illuminate\\Foundation\\Application), Array, Object(Closure))
#6 /Library/WebServer/Documents/work/php/blog_howencyclopedia_site/vendor/laravel/framework/src/Illuminate/Container/Container.php(590): Illuminate\\Container\\BoundMethod::call(Object(Illuminate\\Foundation\\Application), Array, Array, NULL)
#7 /Library/WebServer/Documents/work/php/blog_howencyclopedia_site/vendor/laravel/framework/src/Illuminate/Console/Command.php(134): Illuminate\\Container\\Container->call(Array)
#8 /Library/WebServer/Documents/work/php/blog_howencyclopedia_site/vendor/symfony/console/Command/Command.php(255): Illuminate\\Console\\Command->execute(Object(Symfony\\Component\\Console\\Input\\ArgvInput), Object(Illuminate\\Console\\OutputStyle))
#9 /Library/WebServer/Documents/work/php/blog_howencyclopedia_site/vendor/laravel/framework/src/Illuminate/Console/Command.php(121): Symfony\\Component\\Console\\Command\\Command->run(Object(Symfony\\Component\\Console\\Input\\ArgvInput), Object(Illuminate\\Console\\OutputStyle))
#10 /Library/WebServer/Documents/work/php/blog_howencyclopedia_site/vendor/symfony/console/Application.php(1021): Illuminate\\Console\\Command->run(Object(Symfony\\Component\\Console\\Input\\ArgvInput), Object(Symfony\\Component\\Console\\Output\\ConsoleOutput))
#11 /Library/WebServer/Documents/work/php/blog_howencyclopedia_site/vendor/symfony/console/Application.php(275): Symfony\\Component\\Console\\Application->doRunCommand(Object(App\\Console\\Commands\\SyncData), Object(Symfony\\Component\\Console\\Input\\ArgvInput), Object(Symfony\\Component\\Console\\Output\\ConsoleOutput))
#12 /Library/WebServer/Documents/work/php/blog_howencyclopedia_site/vendor/symfony/console/Application.php(149): Symfony\\Component\\Console\\Application->doRun(Object(Symfony\\Component\\Console\\Input\\ArgvInput), Object(Symfony\\Component\\Console\\Output\\ConsoleOutput))
#13 /Library/WebServer/Documents/work/php/blog_howencyclopedia_site/vendor/laravel/framework/src/Illuminate/Console/Application.php(93): Symfony\\Component\\Console\\Application->run(Object(Symfony\\Component\\Console\\Input\\ArgvInput), Object(Symfony\\Component\\Console\\Output\\ConsoleOutput))
#14 /Library/WebServer/Documents/work/php/blog_howencyclopedia_site/vendor/laravel/framework/src/Illuminate/Foundation/Console/Kernel.php(131): Illuminate\\Console\\Application->run(Object(Symfony\\Component\\Console\\Input\\ArgvInput), Object(Symfony\\Component\\Console\\Output\\ConsoleOutput))
#15 /Library/WebServer/Documents/work/php/blog_howencyclopedia_site/artisan(37): Illuminate\\Foundation\\Console\\Kernel->handle(Object(Symfony\\Component\\Console\\Input\\ArgvInput), Object(Symfony\\Component\\Console\\Output\\ConsoleOutput))
#16 {main}
"} 
